<?xml version="1.0" encoding="UTF-8"?>
<robot generator="Robot 6.1.1 (Python 3.8.10 on linux)" generated="20231115 04:21:08.305" rpa="false" schemaversion="4">
<suite id="s1" name="Generic GUI" source="/RF_data/testing_file/Generic_GUI">
<suite id="s1-s1" name="Architecture" source="/RF_data/testing_file/Generic_GUI/architecture.robot">
<test id="s1-s1-t1" name="Test Case 1: Open DUT Webpage" line="11">
<kw name="New Context" library="Browser">
<arg>ignoreHTTPSErrors=True</arg>
<arg>httpCredentials={'username': '$username', 'password': '$password'}</arg>
<tag>BrowserControl</tag>
<tag>Setter</tag>
<doc>Create a new BrowserContext with specified options.</doc>
<msg timestamp="20231115 04:21:09.071" level="INFO">{
  "acceptDownloads": true,
  "bypassCSP": false,
  "forcedColors": "none",
  "hideRfBrowser": "",
  "httpCredentials": "XXX",
  "ignoreHTTPSErrors": true,
  "javaScriptEnabled": true,
  "offline": false,
  "reducedMotion": "no-preference",
  "serviceWorkers": "allow",
  "viewport": {
    "width": 1280,
    "height": 720
  }
}</msg>
<msg timestamp="20231115 04:21:09.271" level="INFO">Successfully created context. </msg>
<msg timestamp="20231115 04:21:09.271" level="INFO">{'acceptDownloads': True, 'bypassCSP': False, 'forcedColors': 'none', 'hideRfBrowser': '', 'httpCredentials': 'XXX', 'ignoreHTTPSErrors': True, 'javaScriptEnabled': True, 'offline': False, 'reducedMotion': 'no-preference', 'serviceWorkers': 'allow', 'viewport': {'width': 1280, 'height': 720}}</msg>
<msg timestamp="20231115 04:21:09.271" level="INFO">No browser was open. New browser was automatically opened when this context is created.</msg>
<status status="PASS" starttime="20231115 04:21:09.070" endtime="20231115 04:21:09.272"/>
</kw>
<kw name="New Page" library="Browser">
<arg>${IP Address}</arg>
<tag>BrowserControl</tag>
<tag>Setter</tag>
<doc>Open a new Page.</doc>
<msg timestamp="20231115 04:21:12.155" level="INFO">Successfully initialized new page object and opened url: http://192.168.4.104/index.html</msg>
<status status="PASS" starttime="20231115 04:21:09.272" endtime="20231115 04:21:12.156"/>
</kw>
<kw name="Sleep" library="BuiltIn">
<arg>3s</arg>
<doc>Pauses the test executed for the given time.</doc>
<msg timestamp="20231115 04:21:15.157" level="INFO">Slept 3 seconds</msg>
<status status="PASS" starttime="20231115 04:21:12.156" endtime="20231115 04:21:15.157"/>
</kw>
<kw name="Take Screenshot" library="Browser">
<tag>PageContent</tag>
<doc>Takes a screenshot of the current window or element and saves it to disk.</doc>
<msg timestamp="20231115 04:21:15.345" level="INFO" html="true">&lt;/td&gt;&lt;/tr&gt;&lt;tr&gt;&lt;td colspan="3"&gt;&lt;a href="browser/screenshot/robotframework-browser-screenshot-1.png" target="_blank"&gt;&lt;img src="browser/screenshot/robotframework-browser-screenshot-1.png" width="800px"/&gt;&lt;/a&gt;</msg>
<status status="PASS" starttime="20231115 04:21:15.159" endtime="20231115 04:21:15.346"/>
</kw>
<doc>This testcase aims to check if the webpage can be opne properly.</doc>
<tag>SE52XX</tag>
<tag>SE59XX</tag>
<status status="PASS" starttime="20231115 04:21:09.064" endtime="20231115 04:21:15.346"/>
</test>
<test id="s1-s1-t2" name="Test Case 2: Check the mode of the Serial Port" line="19">
<kw name="Print the Message">
<arg>testcase2</arg>
<kw name="Log" library="BuiltIn">
<arg>${message}</arg>
<doc>Logs the given message with the given level.</doc>
<msg timestamp="20231115 04:21:15.417" level="INFO">testcase2</msg>
<status status="PASS" starttime="20231115 04:21:15.417" endtime="20231115 04:21:15.417"/>
</kw>
<status status="PASS" starttime="20231115 04:21:15.416" endtime="20231115 04:21:15.418"/>
</kw>
<doc>This testcase aims to check if the Serial COM port display correct.</doc>
<tag>SE52XX</tag>
<status status="PASS" starttime="20231115 04:21:15.412" endtime="20231115 04:21:15.418"/>
</test>
<test id="s1-s1-t3" name="Test Case 3: Check the page of the modbus" line="24">
<kw name="Print the Message">
<arg>testcase3</arg>
<kw name="Log" library="BuiltIn">
<arg>${message}</arg>
<doc>Logs the given message with the given level.</doc>
<msg timestamp="20231115 04:21:15.429" level="INFO">testcase3</msg>
<status status="PASS" starttime="20231115 04:21:15.428" endtime="20231115 04:21:15.429"/>
</kw>
<status status="PASS" starttime="20231115 04:21:15.428" endtime="20231115 04:21:15.429"/>
</kw>
<doc>This testcase aims to check the page of modbus ***modebus only.</doc>
<tag>MB59XX</tag>
<status status="PASS" starttime="20231115 04:21:15.424" endtime="20231115 04:21:15.429"/>
</test>
<test id="s1-s1-t4" name="Test Case 4: Check if TCPtest can connect to DUT" line="29">
<kw name="Print the Message">
<arg>testcase4</arg>
<kw name="Log" library="BuiltIn">
<arg>${message}</arg>
<doc>Logs the given message with the given level.</doc>
<msg timestamp="20231115 04:21:15.439" level="INFO">testcase4</msg>
<status status="PASS" starttime="20231115 04:21:15.439" endtime="20231115 04:21:15.439"/>
</kw>
<status status="PASS" starttime="20231115 04:21:15.438" endtime="20231115 04:21:15.439"/>
</kw>
<doc>This testcase aims to check if TCP works properly on DUT</doc>
<tag>SE5201B</tag>
<status status="PASS" starttime="20231115 04:21:15.435" endtime="20231115 04:21:15.440"/>
</test>
<status status="PASS" starttime="20231115 04:21:08.330" endtime="20231115 04:21:15.445"/>
</suite>
<suite id="s1-s2" name="Network Setting" source="/RF_data/testing_file/Generic_GUI/network_setting.robot">
<test id="s1-s2-t1" name="Check If IP Address Can Be Changed Manually" line="12">
<kw name="Set Browser Timeout" library="Browser">
<var>${old_timeout}</var>
<arg>1m 30 seconds</arg>
<tag>Config</tag>
<tag>Setter</tag>
<doc>Sets the timeout used by most input and getter keywords.</doc>
<msg timestamp="20231115 04:21:15.471" level="INFO">No context open.</msg>
<msg timestamp="20231115 04:21:15.471" level="INFO">${old_timeout} = 10 seconds</msg>
<status status="PASS" starttime="20231115 04:21:15.468" endtime="20231115 04:21:15.471"/>
</kw>
<kw name="Go to DUT Webpage">
<arg>${IP Address}</arg>
<kw name="New Context" library="Browser">
<arg>ignoreHTTPSErrors=True</arg>
<arg>httpCredentials={'username': '$username', 'password': '$password'}</arg>
<tag>BrowserControl</tag>
<tag>Setter</tag>
<doc>Create a new BrowserContext with specified options.</doc>
<msg timestamp="20231115 04:21:15.473" level="INFO">{
  "acceptDownloads": true,
  "bypassCSP": false,
  "forcedColors": "none",
  "hideRfBrowser": "",
  "httpCredentials": "XXX",
  "ignoreHTTPSErrors": true,
  "javaScriptEnabled": true,
  "offline": false,
  "reducedMotion": "no-preference",
  "serviceWorkers": "allow",
  "viewport": {
    "width": 1280,
    "height": 720
  }
}</msg>
<msg timestamp="20231115 04:21:15.481" level="INFO">Successfully created context. </msg>
<msg timestamp="20231115 04:21:15.481" level="INFO">{'acceptDownloads': True, 'bypassCSP': False, 'forcedColors': 'none', 'hideRfBrowser': '', 'httpCredentials': 'XXX', 'ignoreHTTPSErrors': True, 'javaScriptEnabled': True, 'offline': False, 'reducedMotion': 'no-preference', 'serviceWorkers': 'allow', 'viewport': {'width': 1280, 'height': 720}}</msg>
<status status="PASS" starttime="20231115 04:21:15.472" endtime="20231115 04:21:15.481"/>
</kw>
<kw name="New Page" library="Browser">
<arg>${IP}</arg>
<tag>BrowserControl</tag>
<tag>Setter</tag>
<doc>Open a new Page.</doc>
<msg timestamp="20231115 04:21:18.252" level="INFO">Successfully initialized new page object and opened url: http://192.168.4.104/index.html</msg>
<status status="PASS" starttime="20231115 04:21:15.482" endtime="20231115 04:21:18.253"/>
</kw>
<kw name="Sleep" library="BuiltIn">
<arg>3s</arg>
<doc>Pauses the test executed for the given time.</doc>
<msg timestamp="20231115 04:21:21.255" level="INFO">Slept 3 seconds</msg>
<status status="PASS" starttime="20231115 04:21:18.253" endtime="20231115 04:21:21.255"/>
</kw>
<kw name="Take Screenshot" library="Browser">
<tag>PageContent</tag>
<doc>Takes a screenshot of the current window or element and saves it to disk.</doc>
<msg timestamp="20231115 04:21:21.390" level="INFO" html="true">&lt;/td&gt;&lt;/tr&gt;&lt;tr&gt;&lt;td colspan="3"&gt;&lt;a href="browser/screenshot/robotframework-browser-screenshot-2.png" target="_blank"&gt;&lt;img src="browser/screenshot/robotframework-browser-screenshot-2.png" width="800px"/&gt;&lt;/a&gt;</msg>
<status status="PASS" starttime="20231115 04:21:21.255" endtime="20231115 04:21:21.390"/>
</kw>
<status status="PASS" starttime="20231115 04:21:15.471" endtime="20231115 04:21:21.390"/>
</kw>
<kw name="Go To Subwebpage">
<arg>Serial</arg>
<kw name="Hover" library="Browser">
<arg>xpath=//a[contains(text(),"${title}")]</arg>
<tag>PageContent</tag>
<tag>Setter</tag>
<doc>Moves the virtual mouse and scrolls to the element found by ``selector``.</doc>
<status status="PASS" starttime="20231115 04:21:21.391" endtime="20231115 04:21:21.472"/>
</kw>
<kw name="Mouse Button" library="Browser">
<arg>click</arg>
<tag>PageContent</tag>
<tag>Setter</tag>
<doc>Clicks, presses or releases a mouse button.</doc>
<msg timestamp="20231115 04:21:21.473" level="INFO">No coordinates where set. Action appears at current position.</msg>
<msg timestamp="20231115 04:21:21.475" level="INFO">No coordinates where set. Action appears at current position.</msg>
<msg timestamp="20231115 04:21:21.481" level="INFO">No coordinates where set. Action appears at current position.</msg>
<status status="PASS" starttime="20231115 04:21:21.472" endtime="20231115 04:21:21.489"/>
</kw>
<kw name="Sleep" library="BuiltIn">
<arg>1s</arg>
<doc>Pauses the test executed for the given time.</doc>
<msg timestamp="20231115 04:21:22.490" level="INFO">Slept 1 second</msg>
<status status="PASS" starttime="20231115 04:21:21.490" endtime="20231115 04:21:22.490"/>
</kw>
<kw name="Take Screenshot" library="Browser">
<tag>PageContent</tag>
<doc>Takes a screenshot of the current window or element and saves it to disk.</doc>
<msg timestamp="20231115 04:21:22.706" level="INFO" html="true">&lt;/td&gt;&lt;/tr&gt;&lt;tr&gt;&lt;td colspan="3"&gt;&lt;a href="browser/screenshot/robotframework-browser-screenshot-3.png" target="_blank"&gt;&lt;img src="browser/screenshot/robotframework-browser-screenshot-3.png" width="800px"/&gt;&lt;/a&gt;</msg>
<status status="PASS" starttime="20231115 04:21:22.491" endtime="20231115 04:21:22.706"/>
</kw>
<status status="PASS" starttime="20231115 04:21:21.391" endtime="20231115 04:21:22.706"/>
</kw>
<kw name="Go To Subwebpage">
<arg>COM1</arg>
<kw name="Hover" library="Browser">
<arg>xpath=//a[contains(text(),"${title}")]</arg>
<tag>PageContent</tag>
<tag>Setter</tag>
<doc>Moves the virtual mouse and scrolls to the element found by ``selector``.</doc>
<status status="PASS" starttime="20231115 04:21:22.708" endtime="20231115 04:21:22.769"/>
</kw>
<kw name="Mouse Button" library="Browser">
<arg>click</arg>
<tag>PageContent</tag>
<tag>Setter</tag>
<doc>Clicks, presses or releases a mouse button.</doc>
<msg timestamp="20231115 04:21:22.771" level="INFO">No coordinates where set. Action appears at current position.</msg>
<msg timestamp="20231115 04:21:22.772" level="INFO">No coordinates where set. Action appears at current position.</msg>
<msg timestamp="20231115 04:21:22.776" level="INFO">No coordinates where set. Action appears at current position.</msg>
<status status="PASS" starttime="20231115 04:21:22.769" endtime="20231115 04:21:22.781"/>
</kw>
<kw name="Sleep" library="BuiltIn">
<arg>1s</arg>
<doc>Pauses the test executed for the given time.</doc>
<msg timestamp="20231115 04:21:23.782" level="INFO">Slept 1 second</msg>
<status status="PASS" starttime="20231115 04:21:22.782" endtime="20231115 04:21:23.783"/>
</kw>
<kw name="Take Screenshot" library="Browser">
<tag>PageContent</tag>
<doc>Takes a screenshot of the current window or element and saves it to disk.</doc>
<msg timestamp="20231115 04:21:23.962" level="INFO" html="true">&lt;/td&gt;&lt;/tr&gt;&lt;tr&gt;&lt;td colspan="3"&gt;&lt;a href="browser/screenshot/robotframework-browser-screenshot-4.png" target="_blank"&gt;&lt;img src="browser/screenshot/robotframework-browser-screenshot-4.png" width="800px"/&gt;&lt;/a&gt;</msg>
<status status="PASS" starttime="20231115 04:21:23.784" endtime="20231115 04:21:23.962"/>
</kw>
<status status="PASS" starttime="20231115 04:21:22.707" endtime="20231115 04:21:23.962"/>
</kw>
<kw name="Set Browser Timeout" library="Browser">
<arg>${old_timeout}</arg>
<tag>Config</tag>
<tag>Setter</tag>
<doc>Sets the timeout used by most input and getter keywords.</doc>
<msg timestamp="20231115 04:21:23.966" level="INFO">Set timeout to: 10000</msg>
<status status="PASS" starttime="20231115 04:21:23.962" endtime="20231115 04:21:23.967"/>
</kw>
<doc>Test if the ip address of DUT can be changes Manually</doc>
<tag>SE52XX</tag>
<status status="PASS" starttime="20231115 04:21:15.464" endtime="20231115 04:21:23.967"/>
</test>
<test id="s1-s2-t2" name="Test Case 2" line="22">
<kw name="Log" library="BuiltIn">
<arg>testcase2</arg>
<doc>Logs the given message with the given level.</doc>
<msg timestamp="20231115 04:21:24.020" level="INFO">testcase2</msg>
<status status="PASS" starttime="20231115 04:21:24.020" endtime="20231115 04:21:24.021"/>
</kw>
<tag>MB59XX</tag>
<status status="PASS" starttime="20231115 04:21:24.016" endtime="20231115 04:21:24.021"/>
</test>
<status status="PASS" starttime="20231115 04:21:15.452" endtime="20231115 04:21:24.028"/>
</suite>
<suite id="s1-s3" name="Test" source="/RF_data/testing_file/Generic_GUI/test.robot">
<test id="s1-s3-t1" name="Change IP Manually" line="6">
<kw name="Sleep" library="BuiltIn">
<arg>1s</arg>
<doc>Pauses the test executed for the given time.</doc>
<msg timestamp="20231115 04:21:25.089" level="INFO">Slept 1 second</msg>
<status status="PASS" starttime="20231115 04:21:24.088" endtime="20231115 04:21:25.089"/>
</kw>
<kw name="Capture Element Screenshot" library="SeleniumLibrary">
<arg>name.png</arg>
<doc>Captures a screenshot from the element identified by ``locator`` and embeds it into log file.</doc>
<msg timestamp="20231115 04:21:25.092" level="INFO">Cannot capture screenshot from element because no browser is open.</msg>
<status status="PASS" starttime="20231115 04:21:25.090" endtime="20231115 04:21:25.092"/>
</kw>
<tag>SE52XX</tag>
<status status="PASS" starttime="20231115 04:21:24.087" endtime="20231115 04:21:25.093"/>
</test>
<status status="PASS" starttime="20231115 04:21:24.036" endtime="20231115 04:21:25.096"/>
</suite>
<status status="PASS" starttime="20231115 04:21:08.308" endtime="20231115 04:21:25.101"/>
</suite>
<statistics>
<total>
<stat pass="7" fail="0" skip="0">All Tests</stat>
</total>
<tag>
<stat pass="2" fail="0" skip="0">MB59XX</stat>
<stat pass="1" fail="0" skip="0">SE5201B</stat>
<stat pass="4" fail="0" skip="0">SE52XX</stat>
<stat pass="1" fail="0" skip="0">SE59XX</stat>
</tag>
<suite>
<stat pass="7" fail="0" skip="0" id="s1" name="Generic GUI">Generic GUI</stat>
<stat pass="4" fail="0" skip="0" id="s1-s1" name="Architecture">Generic GUI.Architecture</stat>
<stat pass="2" fail="0" skip="0" id="s1-s2" name="Network Setting">Generic GUI.Network Setting</stat>
<stat pass="1" fail="0" skip="0" id="s1-s3" name="Test">Generic GUI.Test</stat>
</suite>
</statistics>
<errors>
</errors>
</robot>
